<?xml version="1.0" encoding="UTF-8"?>
<!-- Generated by org.testng.reporters.JUnitReportReporter -->
<testsuite hostname="PeopleNTechs-iMac.local" failures="0" tests="1" name="home.AmazonHome" time="73.326" errors="0" timestamp="2020-01-25T11:49:58 EST" skipped="0">
  <testcase classname="home.AmazonHome" name="test1" time="73.326"/>
</testsuite> <!-- home.AmazonHome -->
